Start testing: May 05 16:24 Hora estándar de Argentina
----------------------------------------------------------
1/3 Testing: core_tests
1/3 Test: core_tests
Command: "C:/Users/Tuhue/DDF/Release/test_ddf.exe"
Directory: C:/Users/Tuhue/DDF
"core_tests" start time: May 05 16:24 Hora estándar de Argentina
Output:
----------------------------------------------------------
Error de sintaxis: LÃ­nea 1: keyword desconocida '.'
<end of output>
Test time =   5.09 sec
----------------------------------------------------------
Test Failed.
"core_tests" end time: May 05 16:24 Hora estándar de Argentina
"core_tests" time elapsed: 00:00:05
----------------------------------------------------------

2/3 Testing: parser_tests
2/3 Test: parser_tests
Command: "C:/Users/Tuhue/DDF/Release/test_parser.exe"
Directory: C:/Users/Tuhue/DDF
"parser_tests" start time: May 05 16:24 Hora estándar de Argentina
Output:
----------------------------------------------------------
Error de sintaxis: LÃ­nea 1: keyword desconocida '.'
<end of output>
Test time =   1.80 sec
----------------------------------------------------------
Test Failed.
"parser_tests" end time: May 05 16:24 Hora estándar de Argentina
"parser_tests" time elapsed: 00:00:01
----------------------------------------------------------

3/3 Testing: semantic_tests
3/3 Test: semantic_tests
Command: "C:/Users/Tuhue/DDF/Release/test_semantic.exe"
Directory: C:/Users/Tuhue/DDF
"semantic_tests" start time: May 05 16:24 Hora estándar de Argentina
Output:
----------------------------------------------------------
Error de sintaxis: LÃ­nea 1: keyword desconocida '.'
<end of output>
Test time =   0.64 sec
----------------------------------------------------------
Test Failed.
"semantic_tests" end time: May 05 16:24 Hora estándar de Argentina
"semantic_tests" time elapsed: 00:00:00
----------------------------------------------------------

End testing: May 05 16:24 Hora estándar de Argentina
